<?xml version="1.0" encoding="UTF-8"?>
<!-- Generated by org.testng.reporters.JUnitReportReporter -->
<testsuite hostname="197NODMB28125.local" failures="0" tests="1" name="Weather.POSTrequestAuth" time="2.797" errors="0" timestamp="2021-12-30T14:20:17 IST" skipped="0">
  <testcase classname="Weather.POSTrequestAuth" name="postrequestTest" time="2.797"/>
  <system-out/>
</testsuite> <!-- Weather.POSTrequestAuth -->
