<?xml version="1.0" encoding="UTF-8"?>
<!-- Generated by org.testng.reporters.JUnitReportReporter -->
<testsuite hostname="197NODMB28125.local" failures="0" tests="1" name="Weather.GETBookStoreAPI" time="2.817" errors="0" timestamp="2022-01-03T19:34:12 IST" skipped="0">
  <testcase classname="Weather.GETBookStoreAPI" name="seturipath" time="2.817"/>
  <system-out/>
</testsuite> <!-- Weather.GETBookStoreAPI -->
