<?xml version="1.0" encoding="UTF-8"?>
<!-- Generated by org.testng.reporters.JUnitReportReporter -->
<testsuite hostname="197NODMB28125.local" failures="0" tests="1" name="Weather.TESTNGAnnotation" time="0.006" errors="0" timestamp="2022-01-03T11:18:20 IST" skipped="0">
  <testcase classname="Weather.TESTNGAnnotation" name="test" time="0.006"/>
  <system-out/>
</testsuite> <!-- Weather.TESTNGAnnotation -->
